Library/Bee/Android/Prj/IL2CPP/Gradle/launcher/build/intermediates/manifest_merge_blame_file/release/manifest-merger-blame-release-report.txt
1<?xml version="1.0" encoding="utf-8"?>
2<manifest xmlns:android="http://schemas.android.com/apk/res/android"
3    package="com.DefaultCompany.Myproject"
4    android:installLocation="auto"
5    android:versionCode="1"
6    android:versionName="0.1" >
7
8    <uses-sdk
9        android:minSdkVersion="29"
9-->src\main\AndroidManifest.xml
10        android:targetSdkVersion="32" />
10-->src\main\AndroidManifest.xml
11
12    <supports-screens
12-->src\main\AndroidManifest.xml:4:3-163
13        android:anyDensity="true"
13-->src\main\AndroidManifest.xml:4:135-160
14        android:largeScreens="true"
14-->src\main\AndroidManifest.xml:4:78-105
15        android:normalScreens="true"
15-->src\main\AndroidManifest.xml:4:49-77
16        android:smallScreens="true"
16-->src\main\AndroidManifest.xml:4:21-48
17        android:xlargeScreens="true" />
17-->src\main\AndroidManifest.xml:4:106-134
18
19    <uses-permission android:name="android.permission.INTERNET" />
19-->[:unityLibrary] AndroidManifest.xml:11:5-67
19-->[:unityLibrary] AndroidManifest.xml:11:22-64
20
21    <uses-feature
21-->[:unityLibrary] AndroidManifest.xml:13:5-16:31
22        android:name="android.hardware.vr.headtracking"
22-->[:unityLibrary] AndroidManifest.xml:14:9-56
23        android:required="true"
23-->[:unityLibrary] AndroidManifest.xml:15:9-32
24        android:version="1" />
24-->[:unityLibrary] AndroidManifest.xml:16:9-28
25    <uses-feature
25-->[:unityLibrary] AndroidManifest.xml:17:5-19:35
26        android:name="android.hardware.vulkan.version"
26-->[:unityLibrary] AndroidManifest.xml:18:9-55
27        android:required="true" />
27-->[:unityLibrary] AndroidManifest.xml:19:9-32
28    <uses-feature
28-->[:unityLibrary] AndroidManifest.xml:20:5-22:36
29        android:name="android.hardware.touchscreen"
29-->[:unityLibrary] AndroidManifest.xml:21:9-52
30        android:required="false" />
30-->[:unityLibrary] AndroidManifest.xml:22:9-33
31    <uses-feature
31-->[:unityLibrary] AndroidManifest.xml:23:5-25:36
32        android:name="android.hardware.touchscreen.multitouch"
32-->[:unityLibrary] AndroidManifest.xml:24:9-63
33        android:required="false" />
33-->[:unityLibrary] AndroidManifest.xml:25:9-33
34    <uses-feature
34-->[:unityLibrary] AndroidManifest.xml:26:5-28:36
35        android:name="android.hardware.touchscreen.multitouch.distinct"
35-->[:unityLibrary] AndroidManifest.xml:27:9-72
36        android:required="false" />
36-->[:unityLibrary] AndroidManifest.xml:28:9-33
37    <uses-feature
37-->[:unityLibrary] AndroidManifest.xml:29:5-31:36
38        android:name="oculus.software.handtracking"
38-->[:unityLibrary] AndroidManifest.xml:30:9-52
39        android:required="false" />
39-->[:unityLibrary] AndroidManifest.xml:31:9-33
40
41    <uses-permission android:name="com.oculus.permission.HAND_TRACKING" />
41-->[:unityLibrary] AndroidManifest.xml:33:5-75
41-->[:unityLibrary] AndroidManifest.xml:33:22-72
42
43    <application
43-->src\main\AndroidManifest.xml:3:3-83
44        android:allowBackup="false"
44-->[:unityLibrary] AndroidManifest.xml:36:9-36
45        android:extractNativeLibs="true"
45-->[:unityLibrary] AndroidManifest.xml:37:9-41
46        android:icon="@mipmap/app_icon"
46-->src\main\AndroidManifest.xml:3:49-80
47        android:label="@string/app_name"
47-->src\main\AndroidManifest.xml:3:16-48
48        android:networkSecurityConfig="@xml/network_sec_config" >
48-->[:unityLibrary] AndroidManifest.xml:40:9-64
49        <meta-data
49-->[:unityLibrary] AndroidManifest.xml:41:9-43:37
50            android:name="unityplayer.SkipPermissionsDialog"
50-->[:unityLibrary] AndroidManifest.xml:42:13-61
51            android:value="false" />
51-->[:unityLibrary] AndroidManifest.xml:43:13-34
52        <meta-data
52-->[:unityLibrary] AndroidManifest.xml:44:9-46:39
53            android:name="com.samsung.android.vr.application.mode"
53-->[:unityLibrary] AndroidManifest.xml:45:13-67
54            android:value="vr_only" />
54-->[:unityLibrary] AndroidManifest.xml:46:13-36
55        <meta-data
55-->[:unityLibrary] AndroidManifest.xml:47:9-49:37
56            android:name="com.oculus.ossplash.background"
56-->[:unityLibrary] AndroidManifest.xml:48:13-58
57            android:value="black" />
57-->[:unityLibrary] AndroidManifest.xml:49:13-34
58        <meta-data
58-->[:unityLibrary] AndroidManifest.xml:50:9-52:38
59            android:name="com.oculus.supportedDevices"
59-->[:unityLibrary] AndroidManifest.xml:51:13-55
60            android:value="eureka" />
60-->[:unityLibrary] AndroidManifest.xml:52:13-35
61        <meta-data
61-->[:unityLibrary] AndroidManifest.xml:53:9-55:33
62            android:name="unity.splash-mode"
62-->[:unityLibrary] AndroidManifest.xml:54:13-45
63            android:value="0" />
63-->[:unityLibrary] AndroidManifest.xml:55:13-30
64        <meta-data
64-->[:unityLibrary] AndroidManifest.xml:56:9-58:36
65            android:name="unity.splash-enable"
65-->[:unityLibrary] AndroidManifest.xml:57:13-47
66            android:value="True" />
66-->[:unityLibrary] AndroidManifest.xml:58:13-33
67        <meta-data
67-->[:unityLibrary] AndroidManifest.xml:59:9-61:36
68            android:name="unity.launch-fullscreen"
68-->[:unityLibrary] AndroidManifest.xml:60:13-51
69            android:value="True" />
69-->[:unityLibrary] AndroidManifest.xml:61:13-33
70        <meta-data
70-->[:unityLibrary] AndroidManifest.xml:62:9-64:36
71            android:name="unity.render-outside-safearea"
71-->[:unityLibrary] AndroidManifest.xml:63:13-57
72            android:value="True" />
72-->[:unityLibrary] AndroidManifest.xml:64:13-33
73        <meta-data
73-->[:unityLibrary] AndroidManifest.xml:65:9-67:50
74            android:name="notch.config"
74-->[:unityLibrary] AndroidManifest.xml:66:13-40
75            android:value="portrait|landscape" />
75-->[:unityLibrary] AndroidManifest.xml:67:13-47
76        <meta-data
76-->[:unityLibrary] AndroidManifest.xml:68:9-70:36
77            android:name="unity.auto-report-fully-drawn"
77-->[:unityLibrary] AndroidManifest.xml:69:13-57
78            android:value="true" />
78-->[:unityLibrary] AndroidManifest.xml:70:13-33
79
80        <activity
80-->[:unityLibrary] AndroidManifest.xml:72:9-95:20
81            android:name="com.unity3d.player.UnityPlayerActivity"
81-->[:unityLibrary] AndroidManifest.xml:73:13-66
82            android:configChanges="keyboard|keyboardHidden|navigation|orientation|screenLayout|screenSize|uiMode|density"
82-->[:unityLibrary] AndroidManifest.xml:74:13-122
83            android:excludeFromRecents="true"
83-->[:unityLibrary] AndroidManifest.xml:75:13-46
84            android:exported="true"
84-->[:unityLibrary] AndroidManifest.xml:76:13-36
85            android:hardwareAccelerated="false"
85-->[:unityLibrary] AndroidManifest.xml:77:13-48
86            android:launchMode="singleTask"
86-->[:unityLibrary] AndroidManifest.xml:78:13-44
87            android:resizeableActivity="false"
87-->[:unityLibrary] AndroidManifest.xml:79:13-47
88            android:screenOrientation="landscape"
88-->[:unityLibrary] AndroidManifest.xml:80:13-50
89            android:theme="@android:style/Theme.Black.NoTitleBar.Fullscreen" >
89-->[:unityLibrary] AndroidManifest.xml:81:13-77
90            <intent-filter>
90-->[:unityLibrary] AndroidManifest.xml:82:13-87:29
91                <category android:name="android.intent.category.LAUNCHER" />
91-->[:unityLibrary] AndroidManifest.xml:83:17-77
91-->[:unityLibrary] AndroidManifest.xml:83:27-74
92                <category android:name="com.oculus.intent.category.VR" />
92-->[:unityLibrary] AndroidManifest.xml:84:17-74
92-->[:unityLibrary] AndroidManifest.xml:84:27-71
93
94                <action android:name="android.intent.action.MAIN" />
94-->[:unityLibrary] AndroidManifest.xml:86:17-69
94-->[:unityLibrary] AndroidManifest.xml:86:25-66
95            </intent-filter>
96
97            <meta-data
97-->[:unityLibrary] AndroidManifest.xml:89:13-91:40
98                android:name="com.oculus.vr.focusaware"
98-->[:unityLibrary] AndroidManifest.xml:90:17-56
99                android:value="true" />
99-->[:unityLibrary] AndroidManifest.xml:91:17-37
100            <meta-data
100-->[:unityLibrary] AndroidManifest.xml:92:13-94:40
101                android:name="notch_support"
101-->[:unityLibrary] AndroidManifest.xml:93:17-45
102                android:value="true" />
102-->[:unityLibrary] AndroidManifest.xml:94:17-37
103        </activity>
104
105        <meta-data
105-->[:unityLibrary] AndroidManifest.xml:97:9-99:37
106            android:name="com.unity.xr.oculus.LowOverheadMode"
106-->[:unityLibrary] AndroidManifest.xml:98:13-63
107            android:value="false" />
107-->[:unityLibrary] AndroidManifest.xml:99:13-34
108        <meta-data
108-->[:unityLibrary] AndroidManifest.xml:100:9-102:37
109            android:name="com.unity.xr.oculus.LateLatching"
109-->[:unityLibrary] AndroidManifest.xml:101:13-60
110            android:value="false" />
110-->[:unityLibrary] AndroidManifest.xml:102:13-34
111        <meta-data
111-->[:unityLibrary] AndroidManifest.xml:103:9-105:37
112            android:name="com.unity.xr.oculus.LateLatchingDebug"
112-->[:unityLibrary] AndroidManifest.xml:104:13-65
113            android:value="false" />
113-->[:unityLibrary] AndroidManifest.xml:105:13-34
114        <meta-data
114-->[:unityLibrary] AndroidManifest.xml:106:9-108:35
115            android:name="com.oculus.handtracking.frequency"
115-->[:unityLibrary] AndroidManifest.xml:107:13-61
116            android:value="MAX" />
116-->[:unityLibrary] AndroidManifest.xml:108:13-32
117        <meta-data
117-->[:unityLibrary] AndroidManifest.xml:109:9-111:36
118            android:name="com.oculus.handtracking.version"
118-->[:unityLibrary] AndroidManifest.xml:110:13-59
119            android:value="V2.0" />
119-->[:unityLibrary] AndroidManifest.xml:111:13-33
120    </application>
121
122</manifest>